1648367833582	geckodriver	INFO	Listening on 127.0.0.1:50656
1648367836677	mozrunner::runner	INFO	Running command: "C:\\Program Files\\Mozilla Firefox\\firefox.exe" "--marionette" "--remote-debugging-port" "50657" "-no-remote" "-profile" "C:\\Users\\ZeDs_\\AppData\\Local\\Temp\\rust_mozprofilefsVJjP"
1648367836941	Marionette	INFO	Marionette enabled
console.warn: SearchSettings: "get: No settings file exists, new profile?" (new NotFoundError("Could not open the file at C:\\Users\\ZeDs_\\AppData\\Local\\Temp\\rust_mozprofilefsVJjP\\search.json.mozlz4", (void 0)))
DevTools listening on ws://localhost:50657/devtools/browser/e7511c99-03cd-4ea9-b00d-079338a12dee
1648367838634	Marionette	INFO	Listening on port 50662
1648367838760	RemoteAgent	WARN	TLS certificate errors will be ignored for this session
1648367838891	Marionette	INFO	Stopped listening on port 50662

###!!! [Parent][PGPUParent] Error: RunMessage(msgname=PGPU::Msg_ShutdownVR) Channel closing: too late to send/recv, messages will be lost

1648373618973	geckodriver	INFO	Listening on 127.0.0.1:57378
1648373622059	mozrunner::runner	INFO	Running command: "C:\\Program Files\\Mozilla Firefox\\firefox.exe" "--marionette" "--remote-debugging-port" "57379" "-no-remote" "-profile" "C:\\Users\\ZeDs_\\AppData\\Local\\Temp\\rust_mozprofileWah4vK"
1648373622327	Marionette	INFO	Marionette enabled
console.warn: SearchSettings: "get: No settings file exists, new profile?" (new NotFoundError("Could not open the file at C:\\Users\\ZeDs_\\AppData\\Local\\Temp\\rust_mozprofileWah4vK\\search.json.mozlz4", (void 0)))
DevTools listening on ws://localhost:57379/devtools/browser/8eb19e86-86e7-4f5e-8f50-09091bd0d4a8
1648373624360	Marionette	INFO	Listening on port 57384
1648373624742	RemoteAgent	WARN	TLS certificate errors will be ignored for this session
JavaScript warning: https://www.poste.it/, line 22: unreachable code after return statement
JavaScript warning: https://www.poste.it/ line 4 > injectedScript, line 22: unreachable code after return statement
1648373626138	Marionette	INFO	Stopped listening on port 57384
1648373669922	geckodriver	INFO	Listening on 127.0.0.1:50888
1648373672992	mozrunner::runner	INFO	Running command: "C:\\Program Files\\Mozilla Firefox\\firefox.exe" "--marionette" "--remote-debugging-port" "50889" "-no-remote" "-profile" "C:\\Users\\ZeDs_\\AppData\\Local\\Temp\\rust_mozprofile5HNhMa"
1648373673287	Marionette	INFO	Marionette enabled
console.warn: SearchSettings: "get: No settings file exists, new profile?" (new NotFoundError("Could not open the file at C:\\Users\\ZeDs_\\AppData\\Local\\Temp\\rust_mozprofile5HNhMa\\search.json.mozlz4", (void 0)))
DevTools listening on ws://localhost:50889/devtools/browser/2c91e1fe-6967-4abd-8a86-e0f92d70ec09
1648373675282	Marionette	INFO	Listening on port 50894
1648373675647	RemoteAgent	WARN	TLS certificate errors will be ignored for this session
JavaScript warning: https://www.poste.it/, line 22: unreachable code after return statement
JavaScript warning: https://www.poste.it/ line 4 > injectedScript, line 22: unreachable code after return statement
1648373677129	Marionette	INFO	Stopped listening on port 50894
1648373693863	geckodriver	INFO	Listening on 127.0.0.1:50946
1648373696932	mozrunner::runner	INFO	Running command: "C:\\Program Files\\Mozilla Firefox\\firefox.exe" "--marionette" "--remote-debugging-port" "50947" "-no-remote" "-profile" "C:\\Users\\ZeDs_\\AppData\\Local\\Temp\\rust_mozprofilea7aQi5"
1648373697214	Marionette	INFO	Marionette enabled
console.warn: SearchSettings: "get: No settings file exists, new profile?" (new NotFoundError("Could not open the file at C:\\Users\\ZeDs_\\AppData\\Local\\Temp\\rust_mozprofilea7aQi5\\search.json.mozlz4", (void 0)))
DevTools listening on ws://localhost:50947/devtools/browser/d193bede-505c-4411-bfae-a6f7a4e1035b
1648373699155	Marionette	INFO	Listening on port 50953
1648373699618	RemoteAgent	WARN	TLS certificate errors will be ignored for this session
JavaScript warning: https://www.poste.it/, line 22: unreachable code after return statement
JavaScript warning: https://www.poste.it/ line 4 > injectedScript, line 22: unreachable code after return statement
1648373701030	Marionette	INFO	Stopped listening on port 50953
JavaScript error: resource://gre/modules/UrlClassifierListManager.jsm, line 691: TypeError: this.tablesData[table] is undefined

###!!! [Parent][PGPUParent] Error: RunMessage(msgname=PGPU::Msg_ShutdownVR) Channel closing: too late to send/recv, messages will be lost

1648373762248	geckodriver	INFO	Listening on 127.0.0.1:51113
1648373765333	mozrunner::runner	INFO	Running command: "C:\\Program Files\\Mozilla Firefox\\firefox.exe" "--marionette" "--remote-debugging-port" "51114" "-no-remote" "-profile" "C:\\Users\\ZeDs_\\AppData\\Local\\Temp\\rust_mozprofileUZibJA"
1648373765638	Marionette	INFO	Marionette enabled
console.warn: SearchSettings: "get: No settings file exists, new profile?" (new NotFoundError("Could not open the file at C:\\Users\\ZeDs_\\AppData\\Local\\Temp\\rust_mozprofileUZibJA\\search.json.mozlz4", (void 0)))
DevTools listening on ws://localhost:51114/devtools/browser/063c01cc-aabc-48ab-b9e9-3f4abbdc79a1
1648373767590	Marionette	INFO	Listening on port 51119
1648373768025	RemoteAgent	WARN	TLS certificate errors will be ignored for this session
JavaScript warning: https://www.poste.it/, line 22: unreachable code after return statement
JavaScript warning: https://www.poste.it/ line 4 > injectedScript, line 22: unreachable code after return statement
1648373769333	Marionette	INFO	Stopped listening on port 51119
1648373833144	geckodriver	INFO	Listening on 127.0.0.1:51179
1648373836226	mozrunner::runner	INFO	Running command: "C:\\Program Files\\Mozilla Firefox\\firefox.exe" "--marionette" "--remote-debugging-port" "51180" "-no-remote" "-profile" "C:\\Users\\ZeDs_\\AppData\\Local\\Temp\\rust_mozprofileRswgEs"
1648373836510	Marionette	INFO	Marionette enabled
console.warn: SearchSettings: "get: No settings file exists, new profile?" (new NotFoundError("Could not open the file at C:\\Users\\ZeDs_\\AppData\\Local\\Temp\\rust_mozprofileRswgEs\\search.json.mozlz4", (void 0)))
DevTools listening on ws://localhost:51180/devtools/browser/186cc07e-8ed6-4565-b5dd-7fd0c88da7ee
1648373838440	Marionette	INFO	Listening on port 51185
1648373838899	RemoteAgent	WARN	TLS certificate errors will be ignored for this session
JavaScript warning: https://www.poste.it/, line 22: unreachable code after return statement
JavaScript warning: https://www.poste.it/ line 4 > injectedScript, line 22: unreachable code after return statement
1648373840305	Marionette	INFO	Stopped listening on port 51185
JavaScript error: resource://gre/modules/UrlClassifierListManager.jsm, line 691: TypeError: this.tablesData[table] is undefined
[Parent 6460, IPC I/O Parent] WARNING: pipe error: 232: file /builds/worker/checkouts/gecko/ipc/chromium/src/chrome/common/ipc_channel_win.cc:565
1648373940446	geckodriver	INFO	Listening on 127.0.0.1:55620
1648373943529	mozrunner::runner	INFO	Running command: "C:\\Program Files\\Mozilla Firefox\\firefox.exe" "--marionette" "--remote-debugging-port" "55621" "-no-remote" "-profile" "C:\\Users\\ZeDs_\\AppData\\Local\\Temp\\rust_mozprofileWPhG5y"
1648373943862	Marionette	INFO	Marionette enabled
console.warn: SearchSettings: "get: No settings file exists, new profile?" (new NotFoundError("Could not open the file at C:\\Users\\ZeDs_\\AppData\\Local\\Temp\\rust_mozprofileWPhG5y\\search.json.mozlz4", (void 0)))
DevTools listening on ws://localhost:55621/devtools/browser/aae1ce52-c9ca-4287-88a6-375bd1e3fb56
1648373945785	Marionette	INFO	Listening on port 55626
1648373946229	RemoteAgent	WARN	TLS certificate errors will be ignored for this session
JavaScript warning: https://www.poste.it/, line 22: unreachable code after return statement
JavaScript warning: https://www.poste.it/ line 4 > injectedScript, line 22: unreachable code after return statement
1648373947660	Marionette	INFO	Stopped listening on port 55626

###!!! [Parent][PGPUParent] Error: RunMessage(msgname=PGPU::Msg_ShutdownVR) Channel closing: too late to send/recv, messages will be lost

1648374069808	geckodriver	INFO	Listening on 127.0.0.1:55692
1648374072891	mozrunner::runner	INFO	Running command: "C:\\Program Files\\Mozilla Firefox\\firefox.exe" "--marionette" "--remote-debugging-port" "55693" "-no-remote" "-profile" "C:\\Users\\ZeDs_\\AppData\\Local\\Temp\\rust_mozprofile2gZbha"
1648374073182	Marionette	INFO	Marionette enabled
console.warn: SearchSettings: "get: No settings file exists, new profile?" (new NotFoundError("Could not open the file at C:\\Users\\ZeDs_\\AppData\\Local\\Temp\\rust_mozprofile2gZbha\\search.json.mozlz4", (void 0)))
DevTools listening on ws://localhost:55693/devtools/browser/3df075ed-7a63-4446-a064-43d80aa994de
1648374075059	Marionette	INFO	Listening on port 55698
1648374075569	RemoteAgent	WARN	TLS certificate errors will be ignored for this session
JavaScript warning: https://www.poste.it/, line 22: unreachable code after return statement
JavaScript warning: https://www.poste.it/ line 4 > injectedScript, line 22: unreachable code after return statement
console.warn: LoginRecipes: "getRecipes: falling back to a synchronous message for:" "https://www.poste.it"
console.warn: LoginRecipes: "getRecipes: falling back to a synchronous message for:" "https://www.poste.it"
console.warn: LoginRecipes: "getRecipes: falling back to a synchronous message for:" "https://www.poste.it"
JavaScript error: https://securelogin.poste.it/jod-fcc/resources/portal/js-rsa-2/pbase-css-poste.js, line 33: ReferenceError: ps_client_ip is not defined
JavaScript warning: https://securelogin.poste.it/jod-fcc/fcc-authentication.html, line 22: unreachable code after return statement
JavaScript warning: https://securelogin.poste.it/jod-fcc/fcc-authentication.html line 4 > injectedScript, line 22: unreachable code after return statement
1648374079071	Marionette	INFO	Stopped listening on port 55698

###!!! [Child][PContentChild] Error: Send(msgname=PHttpChannel::Msg___delete__) Channel closing: too late to send/recv, messages will be lost


###!!! [Parent][PGPUParent] Error: RunMessage(msgname=PGPU::Msg_ShutdownVR) Channel closing: too late to send/recv, messages will be lost

1648374132761	geckodriver	INFO	Listening on 127.0.0.1:58081
1648374135873	mozrunner::runner	INFO	Running command: "C:\\Program Files\\Mozilla Firefox\\firefox.exe" "--marionette" "--remote-debugging-port" "58082" "-no-remote" "-profile" "C:\\Users\\ZeDs_\\AppData\\Local\\Temp\\rust_mozprofilefBkrqc"
1648374136151	Marionette	INFO	Marionette enabled
console.warn: SearchSettings: "get: No settings file exists, new profile?" (new NotFoundError("Could not open the file at C:\\Users\\ZeDs_\\AppData\\Local\\Temp\\rust_mozprofilefBkrqc\\search.json.mozlz4", (void 0)))
DevTools listening on ws://localhost:58082/devtools/browser/68c7d632-95c0-42f3-97d6-2da64fb6a6cf
1648374138154	Marionette	INFO	Listening on port 58089
1648374138553	RemoteAgent	WARN	TLS certificate errors will be ignored for this session
JavaScript warning: https://www.poste.it/, line 22: unreachable code after return statement
JavaScript warning: https://www.poste.it/ line 4 > injectedScript, line 22: unreachable code after return statement
console.warn: LoginRecipes: "getRecipes: falling back to a synchronous message for:" "https://www.poste.it"
console.warn: LoginRecipes: "getRecipes: falling back to a synchronous message for:" "https://www.poste.it"
console.warn: LoginRecipes: "getRecipes: falling back to a synchronous message for:" "https://www.poste.it"
JavaScript error: https://securelogin.poste.it/jod-fcc/resources/portal/js-rsa-2/pbase-css-poste.js, line 33: ReferenceError: ps_client_ip is not defined
JavaScript warning: https://securelogin.poste.it/jod-fcc/fcc-authentication.html, line 22: unreachable code after return statement
JavaScript warning: https://securelogin.poste.it/jod-fcc/fcc-authentication.html line 4 > injectedScript, line 22: unreachable code after return statement
1648374142027	Marionette	INFO	Stopped listening on port 58089
1648388714139	geckodriver	INFO	Listening on 127.0.0.1:53402
1648388717214	mozrunner::runner	INFO	Running command: "C:\\Program Files\\Mozilla Firefox\\firefox.exe" "--marionette" "-headless" "--remote-debugging-port" "53403" "-no-remote" "-profile" "C:\\Users\\ZeDs_\\AppData\\Local\\Temp\\rust_mozprofileg9Uidc"
*** You are running in headless mode.
1648388717496	Marionette	INFO	Marionette enabled
[GFX1-]: RenderCompositorSWGL failed mapping default framebuffer, no dt
console.warn: SearchSettings: "get: No settings file exists, new profile?" (new NotFoundError("Could not open the file at C:\\Users\\ZeDs_\\AppData\\Local\\Temp\\rust_mozprofileg9Uidc\\search.json.mozlz4", (void 0)))
DevTools listening on ws://localhost:53403/devtools/browser/15e79d86-d003-4fd0-9a64-0ac2619b0c76
1648388718551	Marionette	INFO	Listening on port 53408
1648388718767	RemoteAgent	WARN	TLS certificate errors will be ignored for this session
JavaScript error: https://securelogin.poste.it/jod-fcc/resources/portal/js-rsa-2/pbase-css-poste.js, line 33: ReferenceError: ps_client_ip is not defined
JavaScript warning: https://securelogin.poste.it/jod-fcc/fcc-authentication.html, line 22: unreachable code after return statement
JavaScript warning: https://securelogin.poste.it/jod-fcc/fcc-authentication.html line 4 > injectedScript, line 22: unreachable code after return statement
console.warn: LoginRecipes: "getRecipes: falling back to a synchronous message for:" "https://securelogin.poste.it"
console.warn: LoginRecipes: "getRecipes: falling back to a synchronous message for:" "https://securelogin.poste.it"
JavaScript error: resource://gre/modules/LoginManagerParent.jsm, line 136: TypeError: gRecipeManager is null
JavaScript error: https://securelogin.poste.it/jod-fcc/resources/portal/js-polling/jdpolling.js, line 171: SyntaxError: JSON.parse: unexpected end of data at line 1 column 1 of the JSON data
JavaScript warning: https://idp-poste.poste.it/jod-idp-retail/cas/app.html, line 22: unreachable code after return statement
JavaScript warning: https://idp-poste.poste.it/jod-idp-retail/cas/app.html line 4 > injectedScript, line 22: unreachable code after return statement
console.warn: LoginRecipes: "getRecipes: falling back to a synchronous message for:" "https://idp-poste.poste.it"
JavaScript error: resource://gre/modules/LoginManagerParent.jsm, line 136: TypeError: gRecipeManager is null
console.warn: LoginRecipes: "getRecipes: falling back to a synchronous message for:" "https://idp-poste.poste.it"
JavaScript error: resource://gre/modules/LoginManagerParent.jsm, line 136: TypeError: gRecipeManager is null
JavaScript warning: https://idp-poste.poste.it/jod-idp-retail/cas/otp.html, line 22: unreachable code after return statement
JavaScript warning: https://idp-poste.poste.it/jod-idp-retail/cas/otp.html line 4 > injectedScript, line 22: unreachable code after return statement
console.warn: LoginRecipes: "getRecipes: falling back to a synchronous message for:" "https://idp-poste.poste.it"
JavaScript error: resource://gre/modules/LoginManagerParent.jsm, line 136: TypeError: gRecipeManager is null
console.warn: LoginRecipes: "getRecipes: falling back to a synchronous message for:" "https://idp-poste.poste.it"
JavaScript error: resource://gre/modules/LoginManagerParent.jsm, line 136: TypeError: gRecipeManager is null
JavaScript warning: https://bancoposta.poste.it/bpol/public/BPOL_ListaMovimentiAPP/index.html, line 22: unreachable code after return statement
JavaScript warning: https://bancoposta.poste.it/bpol/public/BPOL_ListaMovimentiAPP/index.html line 4 > injectedScript, line 22: unreachable code after return statement
1648388734876	Marionette	WARN	Ignoring event 'pageshow' because document has an invalid readyState of 'uninitialized'.
1648388737721	Marionette	INFO	Stopped listening on port 53408

###!!! [Parent][PImageBridgeParent] Error: RunMessage(msgname=PImageBridge::Msg_WillClose) Channel closing: too late to send/recv, messages will be lost

